<?xml version="1.0" encoding="UTF-8"?>
<!-- Generated by org.testng.reporters.JUnitReportReporter -->
<testsuite skipped="37" hostname="prodips-MBP" name="dropdown.TestDropSelection" tests="39" failures="0" timestamp="29 Mar 2019 21:30:51 GMT" time="18.116" errors="1">
  <testcase name="TestToys" time="5.053" classname="dropdown.TestDropSelection">
    <skipped/>
  </testcase> <!-- TestToys -->
  <testcase name="TestCollectibles" time="0.000" classname="dropdown.TestDropSelection">
    <skipped/>
  </testcase> <!-- TestCollectibles -->
  <testcase name="TestDolls" time="0.000" classname="dropdown.TestDropSelection">
    <skipped/>
  </testcase> <!-- TestDolls -->
  <testcase name="TestCellPage" time="0.000" classname="dropdown.TestDropSelection">
    <skipped/>
  </testcase> <!-- TestCellPage -->
  <testcase name="TestToysHobbiesPage" time="0.000" classname="dropdown.TestDropSelection">
    <skipped/>
  </testcase> <!-- TestToysHobbiesPage -->
  <testcase name="TestCrafts" time="0.000" classname="dropdown.TestDropSelection">
    <skipped/>
  </testcase> <!-- TestCrafts -->
  <testcase name="TestVideosGames" time="0.000" classname="dropdown.TestDropSelection">
    <skipped/>
  </testcase> <!-- TestVideosGames -->
  <testcase name="TestEntertainment" time="0.000" classname="dropdown.TestDropSelection">
    <skipped/>
  </testcase> <!-- TestEntertainment -->
  <testcase name="TestPottery" time="0.000" classname="dropdown.TestDropSelection">
    <skipped/>
  </testcase> <!-- TestPottery -->
  <testcase name="TestAntiques" time="0.000" classname="dropdown.TestDropSelection">
    <skipped/>
  </testcase> <!-- TestAntiques -->
  <testcase name="TestMusicalInstruments" time="0.000" classname="dropdown.TestDropSelection">
    <skipped/>
  </testcase> <!-- TestMusicalInstruments -->
  <testcase name="TestElectronics" time="0.000" classname="dropdown.TestDropSelection">
    <skipped/>
  </testcase> <!-- TestElectronics -->
  <testcase name="TestSportingGoodsPage" time="0.000" classname="dropdown.TestDropSelection">
    <skipped/>
  </testcase> <!-- TestSportingGoodsPage -->
  <testcase name="TestArt" time="0.000" classname="dropdown.TestDropSelection">
    <skipped/>
  </testcase> <!-- TestArt -->
  <testcase name="TestMotors" time="0.000" classname="dropdown.TestDropSelection">
    <skipped/>
  </testcase> <!-- TestMotors -->
  <testcase name="TestRealEstate" time="0.000" classname="dropdown.TestDropSelection">
    <skipped/>
  </testcase> <!-- TestRealEstate -->
  <testcase name="setUp" time="3.235" classname="dropdown.TestDropSelection">
    <error type="org.openqa.selenium.NoSuchWindowException" message="no such window: window was already closed
  (Session info: chrome=73.0.3683.86)
  (Driver info: chromedriver=2.46.628411 (3324f4c8be9ff2f70a05a30ebc72ffb013e1a71e),platform=Mac OS X 10.14.3 x86_64) (WARNING: The server did not provide any stacktrace information)
Command duration or timeout: 0 milliseconds
Build info: version: &#039;3.141.59&#039;, revision: &#039;e82be7d358&#039;, time: &#039;2018-11-14T08:17:03&#039;
System info: host: &#039;prodips-MBP&#039;, ip: &#039;2604:2000:1700:c228:0:0:0:c85%en0&#039;, os.name: &#039;Mac OS X&#039;, os.arch: &#039;x86_64&#039;, os.version: &#039;10.14.3&#039;, java.version: &#039;1.8.0_201&#039;
Driver info: org.openqa.selenium.chrome.ChromeDriver
Capabilities {acceptInsecureCerts: false, acceptSslCerts: false, applicationCacheEnabled: false, browserConnectionEnabled: false, browserName: chrome, chrome: {chromedriverVersion: 2.46.628411 (3324f4c8be9ff2..., userDataDir: /var/folders/v_/68hn7ntn0bj...}, cssSelectorsEnabled: true, databaseEnabled: false, goog:chromeOptions: {debuggerAddress: localhost:49897}, handlesAlerts: true, hasTouchScreen: false, javascriptEnabled: true, locationContextEnabled: true, mobileEmulationEnabled: false, nativeEvents: true, networkConnectionEnabled: false, pageLoadStrategy: normal, platform: MAC, platformName: MAC, proxy: Proxy(), rotatable: false, setWindowRect: true, strictFileInteractability: false, takesHeapSnapshot: true, takesScreenshot: true, timeouts: {implicit: 0, pageLoad: 300000, script: 30000}, unexpectedAlertBehaviour: ignore, unhandledPromptBehavior: ignore, version: 73.0.3683.86, webStorageEnabled: true}
Session ID: 54e22ff40466b9f13cd5c03bf7f4b176">
      <![CDATA[org.openqa.selenium.NoSuchWindowException: no such window: window was already closed
  (Session info: chrome=73.0.3683.86)
  (Driver info: chromedriver=2.46.628411 (3324f4c8be9ff2f70a05a30ebc72ffb013e1a71e),platform=Mac OS X 10.14.3 x86_64) (WARNING: The server did not provide any stacktrace information)
Command duration or timeout: 0 milliseconds
Build info: version: '3.141.59', revision: 'e82be7d358', time: '2018-11-14T08:17:03'
System info: host: 'prodips-MBP', ip: '2604:2000:1700:c228:0:0:0:c85%en0', os.name: 'Mac OS X', os.arch: 'x86_64', os.version: '10.14.3', java.version: '1.8.0_201'
Driver info: org.openqa.selenium.chrome.ChromeDriver
Capabilities {acceptInsecureCerts: false, acceptSslCerts: false, applicationCacheEnabled: false, browserConnectionEnabled: false, browserName: chrome, chrome: {chromedriverVersion: 2.46.628411 (3324f4c8be9ff2..., userDataDir: /var/folders/v_/68hn7ntn0bj...}, cssSelectorsEnabled: true, databaseEnabled: false, goog:chromeOptions: {debuggerAddress: localhost:49897}, handlesAlerts: true, hasTouchScreen: false, javascriptEnabled: true, locationContextEnabled: true, mobileEmulationEnabled: false, nativeEvents: true, networkConnectionEnabled: false, pageLoadStrategy: normal, platform: MAC, platformName: MAC, proxy: Proxy(), rotatable: false, setWindowRect: true, strictFileInteractability: false, takesHeapSnapshot: true, takesScreenshot: true, timeouts: {implicit: 0, pageLoad: 300000, script: 30000}, unexpectedAlertBehaviour: ignore, unhandledPromptBehavior: ignore, version: 73.0.3683.86, webStorageEnabled: true}
Session ID: 54e22ff40466b9f13cd5c03bf7f4b176
at sun.reflect.NativeConstructorAccessorImpl.newInstance0(Native Method)
at sun.reflect.NativeConstructorAccessorImpl.newInstance(NativeConstructorAccessorImpl.java:62)
at sun.reflect.DelegatingConstructorAccessorImpl.newInstance(DelegatingConstructorAccessorImpl.java:45)
at java.lang.reflect.Constructor.newInstance(Constructor.java:423)
at org.openqa.selenium.remote.ErrorHandler.createThrowable(ErrorHandler.java:214)
at org.openqa.selenium.remote.ErrorHandler.throwIfResponseFailed(ErrorHandler.java:166)
at org.openqa.selenium.remote.http.JsonHttpResponseCodec.reconstructValue(JsonHttpResponseCodec.java:40)
at org.openqa.selenium.remote.http.AbstractHttpResponseCodec.decode(AbstractHttpResponseCodec.java:80)
at org.openqa.selenium.remote.http.AbstractHttpResponseCodec.decode(AbstractHttpResponseCodec.java:44)
at org.openqa.selenium.remote.HttpCommandExecutor.execute(HttpCommandExecutor.java:158)
at org.openqa.selenium.remote.service.DriverCommandExecutor.execute(DriverCommandExecutor.java:83)
at org.openqa.selenium.remote.RemoteWebDriver.execute(RemoteWebDriver.java:552)
at org.openqa.selenium.remote.RemoteWebDriver.execute(RemoteWebDriver.java:609)
at org.openqa.selenium.remote.RemoteWebDriver$RemoteWebDriverOptions$RemoteWindow.maximize(RemoteWebDriver.java:837)
at base.CommonAPI.setUp(CommonAPI.java:118)
at sun.reflect.NativeMethodAccessorImpl.invoke0(Native Method)
at sun.reflect.NativeMethodAccessorImpl.invoke(NativeMethodAccessorImpl.java:62)
at sun.reflect.DelegatingMethodAccessorImpl.invoke(DelegatingMethodAccessorImpl.java:43)
at java.lang.reflect.Method.invoke(Method.java:498)
at org.testng.internal.MethodInvocationHelper.invokeMethod(MethodInvocationHelper.java:124)
at org.testng.internal.MethodInvocationHelper.invokeMethodConsideringTimeout(MethodInvocationHelper.java:59)
at org.testng.internal.Invoker.invokeConfigurationMethod(Invoker.java:458)
at org.testng.internal.Invoker.invokeConfigurations(Invoker.java:222)
at org.testng.internal.Invoker.invokeMethod(Invoker.java:523)
at org.testng.internal.Invoker.invokeTestMethod(Invoker.java:719)
at org.testng.internal.Invoker.invokeTestMethods(Invoker.java:989)
at org.testng.internal.TestMethodWorker.invokeTestMethods(TestMethodWorker.java:125)
at org.testng.internal.TestMethodWorker.run(TestMethodWorker.java:109)
at org.testng.TestRunner.privateRun(TestRunner.java:648)
at org.testng.TestRunner.run(TestRunner.java:505)
at org.testng.SuiteRunner.runTest(SuiteRunner.java:455)
at org.testng.SuiteRunner.runSequentially(SuiteRunner.java:450)
at org.testng.SuiteRunner.privateRun(SuiteRunner.java:415)
at org.testng.SuiteRunner.run(SuiteRunner.java:364)
at org.testng.SuiteRunnerWorker.runSuite(SuiteRunnerWorker.java:52)
at org.testng.SuiteRunnerWorker.run(SuiteRunnerWorker.java:84)
at org.testng.TestNG.runSuitesSequentially(TestNG.java:1208)
at org.testng.TestNG.runSuitesLocally(TestNG.java:1137)
at org.testng.TestNG.runSuites(TestNG.java:1049)
at org.testng.TestNG.run(TestNG.java:1017)
at org.apache.maven.surefire.testng.TestNGExecutor.run(TestNGExecutor.java:283)
at org.apache.maven.surefire.testng.TestNGXmlTestSuite.execute(TestNGXmlTestSuite.java:75)
at org.apache.maven.surefire.testng.TestNGProvider.invoke(TestNGProvider.java:120)
at org.apache.maven.surefire.booter.ForkedBooter.invokeProviderInSameClassLoader(ForkedBooter.java:384)
at org.apache.maven.surefire.booter.ForkedBooter.runSuitesInProcess(ForkedBooter.java:345)
at org.apache.maven.surefire.booter.ForkedBooter.execute(ForkedBooter.java:126)
at org.apache.maven.surefire.booter.ForkedBooter.main(ForkedBooter.java:418)
]]>
    </error>
  </testcase> <!-- setUp -->
  <testcase name="TestGiftCards" time="0.000" classname="dropdown.TestDropSelection">
    <skipped/>
  </testcase> <!-- TestGiftCards -->
  <testcase name="TestTravel" time="0.000" classname="dropdown.TestDropSelection">
    <skipped/>
  </testcase> <!-- TestTravel -->
  <testcase name="TestFashion" time="0.000" classname="dropdown.TestDropSelection">
    <skipped/>
  </testcase> <!-- TestFashion -->
  <testcase name="TestSpecialtyl" time="0.000" classname="dropdown.TestDropSelection">
    <skipped/>
  </testcase> <!-- TestSpecialtyl -->
  <testcase name="TestComputersPage" time="0.000" classname="dropdown.TestDropSelection">
    <skipped/>
  </testcase> <!-- TestComputersPage -->
  <testcase name="TestHealthPage" time="0.000" classname="dropdown.TestDropSelection">
    <skipped/>
  </testcase> <!-- TestHealthPage -->
  <testcase name="TestSportsMemo" time="0.000" classname="dropdown.TestDropSelection">
    <skipped/>
  </testcase> <!-- TestSportsMemo -->
  <testcase name="Books" time="9.828" classname="dropdown.TestDropSelection"/>
  <testcase name="TestBaby" time="0.000" classname="dropdown.TestDropSelection">
    <skipped/>
  </testcase> <!-- TestBaby -->
  <testcase name="TestHomeGarden" time="0.000" classname="dropdown.TestDropSelection">
    <skipped/>
  </testcase> <!-- TestHomeGarden -->
  <testcase name="TestStampsPage" time="0.000" classname="dropdown.TestDropSelection">
    <skipped/>
  </testcase> <!-- TestStampsPage -->
  <testcase name="TestClothingPage" time="0.000" classname="dropdown.TestDropSelection">
    <skipped/>
  </testcase> <!-- TestClothingPage -->
  <testcase name="TestJewelryPage" time="0.000" classname="dropdown.TestDropSelection">
    <skipped/>
  </testcase> <!-- TestJewelryPage -->
  <testcase name="TestTickets" time="0.000" classname="dropdown.TestDropSelection">
    <skipped/>
  </testcase> <!-- TestTickets -->
  <testcase name="TestEverythingPage" time="0.000" classname="dropdown.TestDropSelection">
    <skipped/>
  </testcase> <!-- TestEverythingPage -->
  <testcase name="TestBusiness" time="0.000" classname="dropdown.TestDropSelection">
    <skipped/>
  </testcase> <!-- TestBusiness -->
  <testcase name="TestCamera" time="0.000" classname="dropdown.TestDropSelection">
    <skipped/>
  </testcase> <!-- TestCamera -->
  <testcase name="TestPetPage" time="0.000" classname="dropdown.TestDropSelection">
    <skipped/>
  </testcase> <!-- TestPetPage -->
  <testcase name="TestMusic" time="0.000" classname="dropdown.TestDropSelection">
    <skipped/>
  </testcase> <!-- TestMusic -->
  <testcase name="TestCoinsPage" time="0.000" classname="dropdown.TestDropSelection">
    <skipped/>
  </testcase> <!-- TestCoinsPage -->
  <testcase name="TestAllCat" time="0.000" classname="dropdown.TestDropSelection">
    <skipped/>
  </testcase> <!-- TestAllCat -->
  <testcase name="TestDVDPage" time="0.000" classname="dropdown.TestDropSelection">
    <skipped/>
  </testcase> <!-- TestDVDPage -->
</testsuite> <!-- dropdown.TestDropSelection -->
